android/app/build/outputs/logs/manifest-merger-debug-report.txt
-- Merging decision tree log ---
provider#androidx.core.content.FileProvider
INJECTED from src\main\AndroidManifest.xml:42:9-50:20
	android:grantUriPermissions
		ADDED from src\main\AndroidManifest.xml:46:13-47
	android:authorities
		INJECTED from src\main\AndroidManifest.xml
		ADDED from src\main\AndroidManifest.xml:44:13-64
	android:exported
		ADDED from src\main\AndroidManifest.xml:45:13-37
	android:name
		ADDED from src\main\AndroidManifest.xml:43:13-62
manifest
ADDED from src\main\AndroidManifest.xml:2:1-67:12
INJECTED from src\main\AndroidManifest.xml:2:1-67:12
INJECTED from src\main\AndroidManifest.xml:2:1-67:12
INJECTED from src\main\AndroidManifest.xml:2:1-67:12
MERGED from [:capacitor-app] AndroidManifest.xml:2:1-7:12
MERGED from [:capacitor-browser] AndroidManifest.xml:2:1-21:12
MERGED from [:capacitor-camera] AndroidManifest.xml:2:1-13:12
MERGED from [:capacitor-filesystem] AndroidManifest.xml:2:1-7:12
MERGED from [:capacitor-local-notifications] AndroidManifest.xml:2:1-26:12
MERGED from [:capacitor-android] AndroidManifest.xml:2:1-7:12
MERGED from [androidx.camera:camera-video:1.3.4] AndroidManifest.xml:2:1-7:12
MERGED from [androidx.camera:camera-lifecycle:1.3.4] AndroidManifest.xml:2:1-7:12
MERGED from [androidx.camera:camera-camera2:1.3.4] AndroidManifest.xml:17:1-36:12
MERGED from [androidx.camera:camera-core:1.3.4] AndroidManifest.xml:17:1-36:12
MERGED from [androidx.camera:camera-view:1.3.4] AndroidManifest.xml:2:1-7:12
MERGED from [:capacitor-cordova-android-plugins] AndroidManifest.xml:2:1-11:12
MERGED from [org.apache.cordova:framework:14.0.1] AndroidManifest.xml:20:1-27:12
MERGED from [androidx.core:core-splashscreen:1.2.0] AndroidManifest.xml:17:1-22:12
MERGED from [androidx.appcompat:appcompat-resources:1.7.1] AndroidManifest.xml:2:1-7:12
MERGED from [com.google.android.material:material:1.13.0] AndroidManifest.xml:17:1-24:12
MERGED from [androidx.constraintlayout:constraintlayout:2.1.0] AndroidManifest.xml:2:1-11:12
MERGED from [androidx.appcompat:appcompat:1.7.1] AndroidManifest.xml:2:1-7:12
MERGED from [androidx.viewpager2:viewpager2:1.0.0] AndroidManifest.xml:17:1-24:12
MERGED from [androidx.fragment:fragment:1.8.9] AndroidManifest.xml:2:1-7:12
MERGED from [androidx.browser:browser:1.9.0] AndroidManifest.xml:2:1-7:12
MERGED from [io.ionic.libs:ionfilesystem-android:1.1.0] AndroidManifest.xml:2:1-7:12
MERGED from [androidx.activity:activity-ktx:1.11.0] AndroidManifest.xml:2:1-7:12
MERGED from [androidx.activity:activity:1.11.0] AndroidManifest.xml:17:1-22:12
MERGED from [androidx.coordinatorlayout:coordinatorlayout:1.3.0] AndroidManifest.xml:2:1-7:12
MERGED from [androidx.emoji2:emoji2-views-helper:1.3.0] AndroidManifest.xml:2:1-7:12
MERGED from [androidx.emoji2:emoji2:1.3.0] AndroidManifest.xml:17:1-35:12
MERGED from [androidx.webkit:webkit:1.14.0] AndroidManifest.xml:2:1-7:12
MERGED from [androidx.vectordrawable:vectordrawable-animated:1.1.0] AndroidManifest.xml:17:1-24:12
MERGED from [androidx.vectordrawable:vectordrawable:1.1.0] AndroidManifest.xml:17:1-24:12
MERGED from [androidx.graphics:graphics-shapes-android:1.0.1] AndroidManifest.xml:2:1-7:12
MERGED from [androidx.core:core-ktx:1.17.0] AndroidManifest.xml:2:1-7:12
MERGED from [androidx.loader:loader:1.0.0] AndroidManifest.xml:17:1-22:12
MERGED from [androidx.viewpager:viewpager:1.0.0] AndroidManifest.xml:17:1-22:12
MERGED from [androidx.drawerlayout:drawerlayout:1.1.1] AndroidManifest.xml:17:1-24:12
MERGED from [androidx.transition:transition:1.5.0] AndroidManifest.xml:2:1-7:12
MERGED from [androidx.dynamicanimation:dynamicanimation:1.1.0] AndroidManifest.xml:2:1-7:12
MERGED from [androidx.recyclerview:recyclerview:1.2.1] AndroidManifest.xml:17:1-24:12
MERGED from [androidx.customview:customview:1.1.0] AndroidManifest.xml:17:1-24:12
MERGED from [androidx.core:core:1.17.0] AndroidManifest.xml:17:1-30:12
MERGED from [androidx.lifecycle:lifecycle-viewmodel-ktx:2.6.2] AndroidManifest.xml:17:1-22:12
MERGED from [androidx.lifecycle:lifecycle-runtime-ktx:2.6.2] AndroidManifest.xml:17:1-22:12
MERGED from [androidx.lifecycle:lifecycle-viewmodel:2.6.2] AndroidManifest.xml:17:1-22:12
MERGED from [androidx.lifecycle:lifecycle-process:2.6.2] AndroidManifest.xml:17:1-35:12
MERGED from [androidx.lifecycle:lifecycle-livedata-core:2.6.2] AndroidManifest.xml:17:1-22:12
MERGED from [androidx.lifecycle:lifecycle-livedata:2.6.2] AndroidManifest.xml:17:1-22:12
MERGED from [androidx.lifecycle:lifecycle-runtime:2.6.2] AndroidManifest.xml:2:1-7:12
MERGED from [androidx.lifecycle:lifecycle-viewmodel-savedstate:2.6.2] AndroidManifest.xml:17:1-22:12
MERGED from [androidx.savedstate:savedstate-ktx:1.2.1] AndroidManifest.xml:17:1-22:12
MERGED from [androidx.savedstate:savedstate:1.2.1] AndroidManifest.xml:17:1-22:12
MERGED from [androidx.cursoradapter:cursoradapter:1.0.0] AndroidManifest.xml:17:1-22:12
MERGED from [androidx.exifinterface:exifinterface:1.4.1] AndroidManifest.xml:2:1-7:12
MERGED from [androidx.profileinstaller:profileinstaller:1.4.0] AndroidManifest.xml:17:1-55:12
MERGED from [androidx.startup:startup-runtime:1.1.1] AndroidManifest.xml:17:1-33:12
MERGED from [androidx.versionedparcelable:versionedparcelable:1.1.1] AndroidManifest.xml:17:1-27:12
MERGED from [androidx.interpolator:interpolator:1.0.0] AndroidManifest.xml:17:1-22:12
MERGED from [androidx.tracing:tracing:1.2.0] AndroidManifest.xml:17:1-22:12
MERGED from [androidx.cardview:cardview:1.0.0] AndroidManifest.xml:17:1-22:12
MERGED from [androidx.arch.core:core-runtime:2.2.0] AndroidManifest.xml:17:1-22:12
MERGED from [androidx.annotation:annotation-experimental:1.4.1] AndroidManifest.xml:2:1-7:12
MERGED from [androidx.core:core-viewtree:1.0.0] AndroidManifest.xml:2:1-7:12
	package
		INJECTED from src\main\AndroidManifest.xml
	android:versionName
		INJECTED from src\main\AndroidManifest.xml
	android:versionCode
		INJECTED from src\main\AndroidManifest.xml
	xmlns:android
		ADDED from src\main\AndroidManifest.xml:2:11-69
application
ADDED from src\main\AndroidManifest.xml:4:5-51:19
INJECTED from src\main\AndroidManifest.xml:4:5-51:19
MERGED from [:capacitor-browser] AndroidManifest.xml:13:5-19:19
MERGED from [:capacitor-browser] AndroidManifest.xml:13:5-19:19
MERGED from [:capacitor-local-notifications] AndroidManifest.xml:11:5-24:19
MERGED from [:capacitor-local-notifications] AndroidManifest.xml:11:5-24:19
MERGED from [androidx.camera:camera-camera2:1.3.4] AndroidManifest.xml:23:5-34:19
MERGED from [androidx.camera:camera-camera2:1.3.4] AndroidManifest.xml:23:5-34:19
MERGED from [androidx.camera:camera-core:1.3.4] AndroidManifest.xml:23:5-34:19
MERGED from [androidx.camera:camera-core:1.3.4] AndroidManifest.xml:23:5-34:19
MERGED from [:capacitor-cordova-android-plugins] AndroidManifest.xml:8:5-9:19
MERGED from [:capacitor-cordova-android-plugins] AndroidManifest.xml:8:5-9:19
MERGED from [com.google.android.material:material:1.13.0] AndroidManifest.xml:22:5-20
MERGED from [com.google.android.material:material:1.13.0] AndroidManifest.xml:22:5-20
MERGED from [androidx.constraintlayout:constraintlayout:2.1.0] AndroidManifest.xml:9:5-20
MERGED from [androidx.constraintlayout:constraintlayout:2.1.0] AndroidManifest.xml:9:5-20
MERGED from [androidx.emoji2:emoji2:1.3.0] AndroidManifest.xml:23:5-33:19
MERGED from [androidx.emoji2:emoji2:1.3.0] AndroidManifest.xml:23:5-33:19
MERGED from [androidx.core:core:1.17.0] AndroidManifest.xml:28:5-89
MERGED from [androidx.core:core:1.17.0] AndroidManifest.xml:28:5-89
MERGED from [androidx.lifecycle:lifecycle-process:2.6.2] AndroidManifest.xml:23:5-33:19
MERGED from [androidx.lifecycle:lifecycle-process:2.6.2] AndroidManifest.xml:23:5-33:19
MERGED from [androidx.profileinstaller:profileinstaller:1.4.0] AndroidManifest.xml:23:5-53:19
MERGED from [androidx.profileinstaller:profileinstaller:1.4.0] AndroidManifest.xml:23:5-53:19
MERGED from [androidx.startup:startup-runtime:1.1.1] AndroidManifest.xml:25:5-31:19
MERGED from [androidx.startup:startup-runtime:1.1.1] AndroidManifest.xml:25:5-31:19
MERGED from [androidx.versionedparcelable:versionedparcelable:1.1.1] AndroidManifest.xml:24:5-25:19
MERGED from [androidx.versionedparcelable:versionedparcelable:1.1.1] AndroidManifest.xml:24:5-25:19
	android:extractNativeLibs
		INJECTED from src\main\AndroidManifest.xml
	android:appComponentFactory
		ADDED from [androidx.core:core:1.17.0] AndroidManifest.xml:28:18-86
	android:supportsRtl
		ADDED from src\main\AndroidManifest.xml:9:9-35
	android:label
		ADDED from src\main\AndroidManifest.xml:7:9-41
	android:roundIcon
		ADDED from src\main\AndroidManifest.xml:8:9-54
	android:icon
		ADDED from src\main\AndroidManifest.xml:6:9-43
	android:allowBackup
		ADDED from src\main\AndroidManifest.xml:5:9-35
	android:theme
		ADDED from src\main\AndroidManifest.xml:10:9-40
activity#com.coolmyll.moments365.MainActivity
ADDED from src\main\AndroidManifest.xml:12:9-40:20
	android:label
		ADDED from src\main\AndroidManifest.xml:15:13-56
	android:launchMode
		ADDED from src\main\AndroidManifest.xml:17:13-44
	android:exported
		ADDED from src\main\AndroidManifest.xml:18:13-36
	android:configChanges
		ADDED from src\main\AndroidManifest.xml:13:13-148
	android:theme
		ADDED from src\main\AndroidManifest.xml:16:13-62
	android:name
		ADDED from src\main\AndroidManifest.xml:14:13-41
intent-filter#action:name:android.intent.action.MAIN+category:name:android.intent.category.LAUNCHER
ADDED from src\main\AndroidManifest.xml:20:13-23:29
action#android.intent.action.MAIN
ADDED from src\main\AndroidManifest.xml:21:17-69
	android:name
		ADDED from src\main\AndroidManifest.xml:21:25-66
category#android.intent.category.LAUNCHER
ADDED from src\main\AndroidManifest.xml:22:17-77
	android:name
		ADDED from src\main\AndroidManifest.xml:22:27-74
intent-filter#action:name:android.intent.action.VIEW+category:name:android.intent.category.BROWSABLE+category:name:android.intent.category.DEFAULT+data:scheme:moments365
ADDED from src\main\AndroidManifest.xml:26:13-31:29
action#android.intent.action.VIEW
ADDED from src\main\AndroidManifest.xml:27:17-69
	android:name
		ADDED from src\main\AndroidManifest.xml:27:25-66
category#android.intent.category.DEFAULT
ADDED from src\main\AndroidManifest.xml:28:17-76
	android:name
		ADDED from src\main\AndroidManifest.xml:28:27-73
category#android.intent.category.BROWSABLE
ADDED from src\main\AndroidManifest.xml:29:17-78
	android:name
		ADDED from src\main\AndroidManifest.xml:29:27-75
data
ADDED from src\main\AndroidManifest.xml:30:17-53
	android:scheme
		ADDED from src\main\AndroidManifest.xml:30:23-50
intent-filter#action:name:android.intent.action.VIEW+category:name:android.intent.category.BROWSABLE+category:name:android.intent.category.DEFAULT+data:scheme:com.coolmyll.moments365
ADDED from src\main\AndroidManifest.xml:33:13-38:29
uses-permission#android.permission.INTERNET
ADDED from src\main\AndroidManifest.xml:55:5-67
	android:name
		ADDED from src\main\AndroidManifest.xml:55:22-64
uses-permission#android.permission.CAMERA
ADDED from src\main\AndroidManifest.xml:56:5-65
	android:name
		ADDED from src\main\AndroidManifest.xml:56:22-62
uses-permission#android.permission.RECORD_AUDIO
ADDED from src\main\AndroidManifest.xml:57:5-71
	android:name
		ADDED from src\main\AndroidManifest.xml:57:22-68
uses-permission#android.permission.READ_MEDIA_VIDEO
ADDED from src\main\AndroidManifest.xml:58:5-75
	android:name
		ADDED from src\main\AndroidManifest.xml:58:22-72
uses-permission#android.permission.SCHEDULE_EXACT_ALARM
ADDED from src\main\AndroidManifest.xml:59:5-79
	android:name
		ADDED from src\main\AndroidManifest.xml:59:22-76
uses-permission#android.permission.POST_NOTIFICATIONS
ADDED from src\main\AndroidManifest.xml:60:5-77
MERGED from [:capacitor-local-notifications] AndroidManifest.xml:9:5-77
MERGED from [:capacitor-local-notifications] AndroidManifest.xml:9:5-77
	android:name
		ADDED from src\main\AndroidManifest.xml:60:22-74
uses-permission#android.permission.ACCESS_NETWORK_STATE
ADDED from src\main\AndroidManifest.xml:63:5-79
	android:name
		ADDED from src\main\AndroidManifest.xml:63:22-76
uses-feature#android.hardware.camera
ADDED from src\main\AndroidManifest.xml:65:5-84
	android:required
		ADDED from src\main\AndroidManifest.xml:65:58-81
	android:name
		ADDED from src\main\AndroidManifest.xml:65:19-57
uses-feature#android.hardware.camera.autofocus
ADDED from src\main\AndroidManifest.xml:66:5-95
	android:required
		ADDED from src\main\AndroidManifest.xml:66:68-92
	android:name
		ADDED from src\main\AndroidManifest.xml:66:19-67
meta-data#android.support.FILE_PROVIDER_PATHS
ADDED from src\main\AndroidManifest.xml:47:13-49:64
	android:resource
		ADDED from src\main\AndroidManifest.xml:49:17-51
	android:name
		ADDED from src\main\AndroidManifest.xml:48:17-67
uses-sdk
INJECTED from src\main\AndroidManifest.xml reason: use-sdk injection requested
INJECTED from src\main\AndroidManifest.xml
INJECTED from src\main\AndroidManifest.xml
MERGED from [:capacitor-app] AndroidManifest.xml:5:5-44
MERGED from [:capacitor-app] AndroidManifest.xml:5:5-44
MERGED from [:capacitor-browser] AndroidManifest.xml:5:5-44
MERGED from [:capacitor-browser] AndroidManifest.xml:5:5-44
MERGED from [:capacitor-camera] AndroidManifest.xml:5:5-44
MERGED from [:capacitor-camera] AndroidManifest.xml:5:5-44
MERGED from [:capacitor-filesystem] AndroidManifest.xml:5:5-44
MERGED from [:capacitor-filesystem] AndroidManifest.xml:5:5-44
MERGED from [:capacitor-local-notifications] AndroidManifest.xml:5:5-44
MERGED from [:capacitor-local-notifications] AndroidManifest.xml:5:5-44
MERGED from [:capacitor-android] AndroidManifest.xml:5:5-44
MERGED from [:capacitor-android] AndroidManifest.xml:5:5-44
MERGED from [androidx.camera:camera-video:1.3.4] AndroidManifest.xml:5:5-44
MERGED from [androidx.camera:camera-video:1.3.4] AndroidManifest.xml:5:5-44
MERGED from [androidx.camera:camera-lifecycle:1.3.4] AndroidManifest.xml:5:5-44
MERGED from [androidx.camera:camera-lifecycle:1.3.4] AndroidManifest.xml:5:5-44
MERGED from [androidx.camera:camera-camera2:1.3.4] AndroidManifest.xml:21:5-44
MERGED from [androidx.camera:camera-camera2:1.3.4] AndroidManifest.xml:21:5-44
MERGED from [androidx.camera:camera-core:1.3.4] AndroidManifest.xml:21:5-44
MERGED from [androidx.camera:camera-core:1.3.4] AndroidManifest.xml:21:5-44
MERGED from [androidx.camera:camera-view:1.3.4] AndroidManifest.xml:5:5-44
MERGED from [androidx.camera:camera-view:1.3.4] AndroidManifest.xml:5:5-44
MERGED from [:capacitor-cordova-android-plugins] AndroidManifest.xml:6:5-44
MERGED from [:capacitor-cordova-android-plugins] AndroidManifest.xml:6:5-44
MERGED from [org.apache.cordova:framework:14.0.1] AndroidManifest.xml:25:5-44
MERGED from [org.apache.cordova:framework:14.0.1] AndroidManifest.xml:25:5-44
MERGED from [androidx.core:core-splashscreen:1.2.0] AndroidManifest.xml:20:5-44
MERGED from [androidx.core:core-splashscreen:1.2.0] AndroidManifest.xml:20:5-44
MERGED from [androidx.appcompat:appcompat-resources:1.7.1] AndroidManifest.xml:5:5-44
MERGED from [androidx.appcompat:appcompat-resources:1.7.1] AndroidManifest.xml:5:5-44
MERGED from [com.google.android.material:material:1.13.0] AndroidManifest.xml:20:5-44
MERGED from [com.google.android.material:material:1.13.0] AndroidManifest.xml:20:5-44
MERGED from [androidx.constraintlayout:constraintlayout:2.1.0] AndroidManifest.xml:5:5-7:41
MERGED from [androidx.constraintlayout:constraintlayout:2.1.0] AndroidManifest.xml:5:5-7:41
MERGED from [androidx.appcompat:appcompat:1.7.1] AndroidManifest.xml:5:5-44
MERGED from [androidx.appcompat:appcompat:1.7.1] AndroidManifest.xml:5:5-44
MERGED from [androidx.viewpager2:viewpager2:1.0.0] AndroidManifest.xml:20:5-22:41
MERGED from [androidx.viewpager2:viewpager2:1.0.0] AndroidManifest.xml:20:5-22:41
MERGED from [androidx.fragment:fragment:1.8.9] AndroidManifest.xml:5:5-44
MERGED from [androidx.fragment:fragment:1.8.9] AndroidManifest.xml:5:5-44
MERGED from [androidx.browser:browser:1.9.0] AndroidManifest.xml:5:5-44
MERGED from [androidx.browser:browser:1.9.0] AndroidManifest.xml:5:5-44
MERGED from [io.ionic.libs:ionfilesystem-android:1.1.0] AndroidManifest.xml:5:5-44
MERGED from [io.ionic.libs:ionfilesystem-android:1.1.0] AndroidManifest.xml:5:5-44
MERGED from [androidx.activity:activity-ktx:1.11.0] AndroidManifest.xml:5:5-44
MERGED from [androidx.activity:activity-ktx:1.11.0] AndroidManifest.xml:5:5-44
MERGED from [androidx.activity:activity:1.11.0] AndroidManifest.xml:20:5-44
MERGED from [androidx.activity:activity:1.11.0] AndroidManifest.xml:20:5-44
MERGED from [androidx.coordinatorlayout:coordinatorlayout:1.3.0] AndroidManifest.xml:5:5-44
MERGED from [androidx.coordinatorlayout:coordinatorlayout:1.3.0] AndroidManifest.xml:5:5-44
MERGED from [androidx.emoji2:emoji2-views-helper:1.3.0] AndroidManifest.xml:5:5-44
MERGED from [androidx.emoji2:emoji2-views-helper:1.3.0] AndroidManifest.xml:5:5-44
MERGED from [androidx.emoji2:emoji2:1.3.0] AndroidManifest.xml:21:5-44
MERGED from [androidx.emoji2:emoji2:1.3.0] AndroidManifest.xml:21:5-44
MERGED from [androidx.webkit:webkit:1.14.0] AndroidManifest.xml:5:5-44
MERGED from [androidx.webkit:webkit:1.14.0] AndroidManifest.xml:5:5-44
MERGED from [androidx.vectordrawable:vectordrawable-animated:1.1.0] AndroidManifest.xml:20:5-22:41
MERGED from [androidx.vectordrawable:vectordrawable-animated:1.1.0] AndroidManifest.xml:20:5-22:41
MERGED from [androidx.vectordrawable:vectordrawable:1.1.0] AndroidManifest.xml:20:5-22:41
MERGED from [androidx.vectordrawable:vectordrawable:1.1.0] AndroidManifest.xml:20:5-22:41
MERGED from [androidx.graphics:graphics-shapes-android:1.0.1] AndroidManifest.xml:5:5-44
MERGED from [androidx.graphics:graphics-shapes-android:1.0.1] AndroidManifest.xml:5:5-44
MERGED from [androidx.core:core-ktx:1.17.0] AndroidManifest.xml:5:5-44
MERGED from [androidx.core:core-ktx:1.17.0] AndroidManifest.xml:5:5-44
MERGED from [androidx.loader:loader:1.0.0] AndroidManifest.xml:20:5-44
MERGED from [androidx.loader:loader:1.0.0] AndroidManifest.xml:20:5-44
MERGED from [androidx.viewpager:viewpager:1.0.0] AndroidManifest.xml:20:5-44
MERGED from [androidx.viewpager:viewpager:1.0.0] AndroidManifest.xml:20:5-44
MERGED from [androidx.drawerlayout:drawerlayout:1.1.1] AndroidManifest.xml:20:5-22:41
MERGED from [androidx.drawerlayout:drawerlayout:1.1.1] AndroidManifest.xml:20:5-22:41
MERGED from [androidx.transition:transition:1.5.0] AndroidManifest.xml:5:5-44
MERGED from [androidx.transition:transition:1.5.0] AndroidManifest.xml:5:5-44
MERGED from [androidx.dynamicanimation:dynamicanimation:1.1.0] AndroidManifest.xml:5:5-44
MERGED from [androidx.dynamicanimation:dynamicanimation:1.1.0] AndroidManifest.xml:5:5-44
MERGED from [androidx.recyclerview:recyclerview:1.2.1] AndroidManifest.xml:20:5-22:41
MERGED from [androidx.recyclerview:recyclerview:1.2.1] AndroidManifest.xml:20:5-22:41
MERGED from [androidx.customview:customview:1.1.0] AndroidManifest.xml:20:5-22:41
MERGED from [androidx.customview:customview:1.1.0] AndroidManifest.xml:20:5-22:41
MERGED from [androidx.core:core:1.17.0] AndroidManifest.xml:20:5-44
MERGED from [androidx.core:core:1.17.0] AndroidManifest.xml:20:5-44
MERGED from [androidx.lifecycle:lifecycle-viewmodel-ktx:2.6.2] AndroidManifest.xml:20:5-44
MERGED from [androidx.lifecycle:lifecycle-viewmodel-ktx:2.6.2] AndroidManifest.xml:20:5-44
MERGED from [androidx.lifecycle:lifecycle-runtime-ktx:2.6.2] AndroidManifest.xml:20:5-44
MERGED from [androidx.lifecycle:lifecycle-runtime-ktx:2.6.2] AndroidManifest.xml:20:5-44
MERGED from [androidx.lifecycle:lifecycle-viewmodel:2.6.2] AndroidManifest.xml:20:5-44
MERGED from [androidx.lifecycle:lifecycle-viewmodel:2.6.2] AndroidManifest.xml:20:5-44
MERGED from [androidx.lifecycle:lifecycle-process:2.6.2] AndroidManifest.xml:21:5-44
MERGED from [androidx.lifecycle:lifecycle-process:2.6.2] AndroidManifest.xml:21:5-44
MERGED from [androidx.lifecycle:lifecycle-livedata-core:2.6.2] AndroidManifest.xml:20:5-44
MERGED from [androidx.lifecycle:lifecycle-livedata-core:2.6.2] AndroidManifest.xml:20:5-44
MERGED from [androidx.lifecycle:lifecycle-livedata:2.6.2] AndroidManifest.xml:20:5-44
MERGED from [androidx.lifecycle:lifecycle-livedata:2.6.2] AndroidManifest.xml:20:5-44
MERGED from [androidx.lifecycle:lifecycle-runtime:2.6.2] AndroidManifest.xml:5:5-44
MERGED from [androidx.lifecycle:lifecycle-runtime:2.6.2] AndroidManifest.xml:5:5-44
MERGED from [androidx.lifecycle:lifecycle-viewmodel-savedstate:2.6.2] AndroidManifest.xml:20:5-44
MERGED from [androidx.lifecycle:lifecycle-viewmodel-savedstate:2.6.2] AndroidManifest.xml:20:5-44
MERGED from [androidx.savedstate:savedstate-ktx:1.2.1] AndroidManifest.xml:20:5-44
MERGED from [androidx.savedstate:savedstate-ktx:1.2.1] AndroidManifest.xml:20:5-44
MERGED from [androidx.savedstate:savedstate:1.2.1] AndroidManifest.xml:20:5-44
MERGED from [androidx.savedstate:savedstate:1.2.1] AndroidManifest.xml:20:5-44
MERGED from [androidx.cursoradapter:cursoradapter:1.0.0] AndroidManifest.xml:20:5-44
MERGED from [androidx.cursoradapter:cursoradapter:1.0.0] AndroidManifest.xml:20:5-44
MERGED from [androidx.exifinterface:exifinterface:1.4.1] AndroidManifest.xml:5:5-44
MERGED from [androidx.exifinterface:exifinterface:1.4.1] AndroidManifest.xml:5:5-44
MERGED from [androidx.profileinstaller:profileinstaller:1.4.0] AndroidManifest.xml:21:5-44
MERGED from [androidx.profileinstaller:profileinstaller:1.4.0] AndroidManifest.xml:21:5-44
MERGED from [androidx.startup:startup-runtime:1.1.1] AndroidManifest.xml:21:5-23:41
MERGED from [androidx.startup:startup-runtime:1.1.1] AndroidManifest.xml:21:5-23:41
MERGED from [androidx.versionedparcelable:versionedparcelable:1.1.1] AndroidManifest.xml:20:5-22:41
MERGED from [androidx.versionedparcelable:versionedparcelable:1.1.1] AndroidManifest.xml:20:5-22:41
MERGED from [androidx.interpolator:interpolator:1.0.0] AndroidManifest.xml:20:5-44
MERGED from [androidx.interpolator:interpolator:1.0.0] AndroidManifest.xml:20:5-44
MERGED from [androidx.tracing:tracing:1.2.0] AndroidManifest.xml:20:5-44
MERGED from [androidx.tracing:tracing:1.2.0] AndroidManifest.xml:20:5-44
MERGED from [androidx.cardview:cardview:1.0.0] AndroidManifest.xml:20:5-44
MERGED from [androidx.cardview:cardview:1.0.0] AndroidManifest.xml:20:5-44
MERGED from [androidx.arch.core:core-runtime:2.2.0] AndroidManifest.xml:20:5-44
MERGED from [androidx.arch.core:core-runtime:2.2.0] AndroidManifest.xml:20:5-44
MERGED from [androidx.annotation:annotation-experimental:1.4.1] AndroidManifest.xml:5:5-44
MERGED from [androidx.annotation:annotation-experimental:1.4.1] AndroidManifest.xml:5:5-44
MERGED from [androidx.core:core-viewtree:1.0.0] AndroidManifest.xml:5:5-44
MERGED from [androidx.core:core-viewtree:1.0.0] AndroidManifest.xml:5:5-44
	android:targetSdkVersion
		INJECTED from src\main\AndroidManifest.xml
	android:minSdkVersion
		INJECTED from src\main\AndroidManifest.xml
queries
ADDED from [:capacitor-browser] AndroidManifest.xml:7:5-11:15
MERGED from [:capacitor-camera] AndroidManifest.xml:7:5-11:15
MERGED from [:capacitor-camera] AndroidManifest.xml:7:5-11:15
intent#action:name:android.support.customtabs.action.CustomTabsService
ADDED from [:capacitor-browser] AndroidManifest.xml:8:9-10:18
action#android.support.customtabs.action.CustomTabsService
ADDED from [:capacitor-browser] AndroidManifest.xml:9:13-90
	android:name
		ADDED from [:capacitor-browser] AndroidManifest.xml:9:21-87
activity#com.capacitorjs.plugins.browser.BrowserControllerActivity
ADDED from [:capacitor-browser] AndroidManifest.xml:14:9-18:75
	android:launchMode
		ADDED from [:capacitor-browser] AndroidManifest.xml:17:13-44
	android:exported
		ADDED from [:capacitor-browser] AndroidManifest.xml:16:13-37
	android:theme
		ADDED from [:capacitor-browser] AndroidManifest.xml:18:13-72
	android:name
		ADDED from [:capacitor-browser] AndroidManifest.xml:15:13-85
intent#action:name:android.media.action.IMAGE_CAPTURE
ADDED from [:capacitor-camera] AndroidManifest.xml:8:9-10:18
action#android.media.action.IMAGE_CAPTURE
ADDED from [:capacitor-camera] AndroidManifest.xml:9:13-73
	android:name
		ADDED from [:capacitor-camera] AndroidManifest.xml:9:21-70
uses-permission#android.permission.RECEIVE_BOOT_COMPLETED
ADDED from [:capacitor-local-notifications] AndroidManifest.xml:7:5-81
	android:name
		ADDED from [:capacitor-local-notifications] AndroidManifest.xml:7:22-78
uses-permission#android.permission.WAKE_LOCK
ADDED from [:capacitor-local-notifications] AndroidManifest.xml:8:5-68
	android:name
		ADDED from [:capacitor-local-notifications] AndroidManifest.xml:8:22-65
receiver#com.capacitorjs.plugins.localnotifications.TimedNotificationPublisher
ADDED from [:capacitor-local-notifications] AndroidManifest.xml:12:9-106
	android:name
		ADDED from [:capacitor-local-notifications] AndroidManifest.xml:12:19-103
receiver#com.capacitorjs.plugins.localnotifications.NotificationDismissReceiver
ADDED from [:capacitor-local-notifications] AndroidManifest.xml:13:9-107
	android:name
		ADDED from [:capacitor-local-notifications] AndroidManifest.xml:13:19-104
receiver#com.capacitorjs.plugins.localnotifications.LocalNotificationRestoreReceiver
ADDED from [:capacitor-local-notifications] AndroidManifest.xml:14:9-23:20
	android:exported
		ADDED from [:capacitor-local-notifications] AndroidManifest.xml:17:13-37
	android:directBootAware
		ADDED from [:capacitor-local-notifications] AndroidManifest.xml:16:13-43
	android:name
		ADDED from [:capacitor-local-notifications] AndroidManifest.xml:15:13-103
intent-filter#action:name:android.intent.action.BOOT_COMPLETED+action:name:android.intent.action.LOCKED_BOOT_COMPLETED+action:name:android.intent.action.QUICKBOOT_POWERON
ADDED from [:capacitor-local-notifications] AndroidManifest.xml:18:13-22:29
action#android.intent.action.LOCKED_BOOT_COMPLETED
ADDED from [:capacitor-local-notifications] AndroidManifest.xml:19:17-86
	android:name
		ADDED from [:capacitor-local-notifications] AndroidManifest.xml:19:25-83
action#android.intent.action.BOOT_COMPLETED
ADDED from [:capacitor-local-notifications] AndroidManifest.xml:20:17-79
	android:name
		ADDED from [:capacitor-local-notifications] AndroidManifest.xml:20:25-76
action#android.intent.action.QUICKBOOT_POWERON
ADDED from [:capacitor-local-notifications] AndroidManifest.xml:21:17-82
	android:name
		ADDED from [:capacitor-local-notifications] AndroidManifest.xml:21:25-79
service#androidx.camera.core.impl.MetadataHolderService
ADDED from [androidx.camera:camera-camera2:1.3.4] AndroidManifest.xml:24:9-33:19
MERGED from [androidx.camera:camera-core:1.3.4] AndroidManifest.xml:29:9-33:78
MERGED from [androidx.camera:camera-core:1.3.4] AndroidManifest.xml:29:9-33:78
	tools:node
		ADDED from [androidx.camera:camera-camera2:1.3.4] AndroidManifest.xml:29:13-31
	android:enabled
		ADDED from [androidx.camera:camera-camera2:1.3.4] AndroidManifest.xml:26:13-36
	android:exported
		ADDED from [androidx.camera:camera-camera2:1.3.4] AndroidManifest.xml:27:13-37
	tools:ignore
		ADDED from [androidx.camera:camera-camera2:1.3.4] AndroidManifest.xml:28:13-75
	android:name
		ADDED from [androidx.camera:camera-camera2:1.3.4] AndroidManifest.xml:25:13-75
meta-data#androidx.camera.core.impl.MetadataHolderService.DEFAULT_CONFIG_PROVIDER
ADDED from [androidx.camera:camera-camera2:1.3.4] AndroidManifest.xml:30:13-32:89
	android:value
		ADDED from [androidx.camera:camera-camera2:1.3.4] AndroidManifest.xml:32:17-86
	android:name
		ADDED from [androidx.camera:camera-camera2:1.3.4] AndroidManifest.xml:31:17-103
provider#androidx.startup.InitializationProvider
ADDED from [androidx.emoji2:emoji2:1.3.0] AndroidManifest.xml:24:9-32:20
MERGED from [androidx.lifecycle:lifecycle-process:2.6.2] AndroidManifest.xml:24:9-32:20
MERGED from [androidx.lifecycle:lifecycle-process:2.6.2] AndroidManifest.xml:24:9-32:20
MERGED from [androidx.profileinstaller:profileinstaller:1.4.0] AndroidManifest.xml:24:9-32:20
MERGED from [androidx.profileinstaller:profileinstaller:1.4.0] AndroidManifest.xml:24:9-32:20
MERGED from [androidx.startup:startup-runtime:1.1.1] AndroidManifest.xml:26:9-30:34
MERGED from [androidx.startup:startup-runtime:1.1.1] AndroidManifest.xml:26:9-30:34
	tools:node
		ADDED from [androidx.emoji2:emoji2:1.3.0] AndroidManifest.xml:28:13-31
	android:authorities
		ADDED from [androidx.emoji2:emoji2:1.3.0] AndroidManifest.xml:26:13-68
	android:exported
		ADDED from [androidx.emoji2:emoji2:1.3.0] AndroidManifest.xml:27:13-37
	android:name
		ADDED from [androidx.emoji2:emoji2:1.3.0] AndroidManifest.xml:25:13-67
meta-data#androidx.emoji2.text.EmojiCompatInitializer
ADDED from [androidx.emoji2:emoji2:1.3.0] AndroidManifest.xml:29:13-31:52
	android:value
		ADDED from [androidx.emoji2:emoji2:1.3.0] AndroidManifest.xml:31:17-49
	android:name
		ADDED from [androidx.emoji2:emoji2:1.3.0] AndroidManifest.xml:30:17-75
permission#${applicationId}.DYNAMIC_RECEIVER_NOT_EXPORTED_PERMISSION
ADDED from [androidx.core:core:1.17.0] AndroidManifest.xml:22:5-24:47
	android:protectionLevel
		ADDED from [androidx.core:core:1.17.0] AndroidManifest.xml:24:9-44
	android:name
		ADDED from [androidx.core:core:1.17.0] AndroidManifest.xml:23:9-81
permission#com.coolmyll.moments365.DYNAMIC_RECEIVER_NOT_EXPORTED_PERMISSION
ADDED from [androidx.core:core:1.17.0] AndroidManifest.xml:22:5-24:47
	android:protectionLevel
		ADDED from [androidx.core:core:1.17.0] AndroidManifest.xml:24:9-44
	android:name
		ADDED from [androidx.core:core:1.17.0] AndroidManifest.xml:23:9-81
uses-permission#${applicationId}.DYNAMIC_RECEIVER_NOT_EXPORTED_PERMISSION
ADDED from [androidx.core:core:1.17.0] AndroidManifest.xml:26:5-97
	android:name
		ADDED from [androidx.core:core:1.17.0] AndroidManifest.xml:26:22-94
uses-permission#com.coolmyll.moments365.DYNAMIC_RECEIVER_NOT_EXPORTED_PERMISSION
ADDED from [androidx.core:core:1.17.0] AndroidManifest.xml:26:5-97
	android:name
		ADDED from [androidx.core:core:1.17.0] AndroidManifest.xml:26:22-94
meta-data#androidx.lifecycle.ProcessLifecycleInitializer